-------------------------------------------------------------------------------
Test set: com.swcguild.kfdmasteryproect.dao.PostImplTest
-------------------------------------------------------------------------------
<<<<<<< HEAD
Tests run: 2, Failures: 0, Errors: 0, Skipped: 0, Time elapsed: 0.219 sec
=======
<<<<<<< HEAD
Tests run: 4, Failures: 0, Errors: 0, Skipped: 0, Time elapsed: 1.354 sec
=======
<<<<<<< HEAD
Tests run: 2, Failures: 0, Errors: 0, Skipped: 0, Time elapsed: 1.007 sec
=======
<<<<<<< HEAD
Tests run: 2, Failures: 0, Errors: 0, Skipped: 0, Time elapsed: 0.202 sec
=======
<<<<<<< HEAD
Tests run: 2, Failures: 0, Errors: 0, Skipped: 0, Time elapsed: 1.083 sec
=======
Tests run: 2, Failures: 0, Errors: 0, Skipped: 0, Time elapsed: 0.505 sec
>>>>>>> ee1e630e0631ed66020bbc949245d05f8b032c50
>>>>>>> 70069127b411400b3a669480558cc6f581beb9c3
>>>>>>> c304a175da2a9c261b095a8f64b937f1be32a5fc
>>>>>>> 0e5808a3f244517da6ceb0591f16a5615026a7bb
>>>>>>> d3b9e80d5b8bed47414bc847341b1cc01b85f53f
