-------------------------------------------------------------------------------
Test set: com.swcguild.kfdmasteryproect.dao.StaticPageImplTest
-------------------------------------------------------------------------------
<<<<<<< HEAD
Tests run: 3, Failures: 0, Errors: 0, Skipped: 0, Time elapsed: 1.62 sec
=======
<<<<<<< HEAD
Tests run: 3, Failures: 0, Errors: 0, Skipped: 0, Time elapsed: 1.949 sec
=======
<<<<<<< HEAD
Tests run: 3, Failures: 0, Errors: 0, Skipped: 0, Time elapsed: 1.172 sec
=======
Tests run: 3, Failures: 0, Errors: 0, Skipped: 0, Time elapsed: 2.104 sec
>>>>>>> c304a175da2a9c261b095a8f64b937f1be32a5fc
>>>>>>> 0e5808a3f244517da6ceb0591f16a5615026a7bb
>>>>>>> d3b9e80d5b8bed47414bc847341b1cc01b85f53f
